# JRE version: Java(TM) SE Runtime Environment (7.0_80-b15) (build 1.7.0_80-b15)
# Java VM: Java HotSpot(TM) 64-Bit Server VM (24.80-b11 mixed mode windows-amd64 compressed oops)
Heap
 PSYoungGen      total 116736K, used 34248K [0x00000000f5500000, 0x0000000100000000, 0x0000000100000000)
  eden space 58368K, 0% used [0x00000000f5500000,0x00000000f5500000,0x00000000f8e00000)
  from space 58368K, 58% used [0x00000000f8e00000,0x00000000faf72038,0x00000000fc700000)
  to   space 58368K, 0% used [0x00000000fc700000,0x00000000fc700000,0x0000000100000000)
 ParOldGen       total 349184K, used 334454K [0x00000000e0000000, 0x00000000f5500000, 0x00000000f5500000)
  object space 349184K, 95% used [0x00000000e0000000,0x00000000f469d9c0,0x00000000f5500000)
 PSPermGen       total 21504K, used 6169K [0x00000000dae00000, 0x00000000dc300000, 0x00000000e0000000)
  object space 21504K, 28% used [0x00000000dae00000,0x00000000db4066e0,0x00000000dc300000)
GC Heap History (10 events):
Event: 41.436 GC heap after
Heap after GC invocations=82 (full 10):
 PSYoungGen      total 115200K, used 56809K [0x00000000f5500000, 0x0000000100000000, 0x0000000100000000)
  eden space 58368K, 0% used [0x00000000f5500000,0x00000000f5500000,0x00000000f8e00000)
  from space 56832K, 99% used [0x00000000fc880000,0x00000000ffffa560,0x0000000100000000)
  to   space 58368K, 0% used [0x00000000f8e00000,0x00000000f8e00000,0x00000000fc700000)
 ParOldGen       total 319488K, used 280434K [0x00000000e0000000, 0x00000000f3800000, 0x00000000f5500000)
  object space 319488K, 87% used [0x00000000e0000000,0x00000000f11dcbf0,0x00000000f3800000)
 PSPermGen       total 21504K, used 6004K [0x00000000dae00000, 0x00000000dc300000, 0x00000000e0000000)
  object space 21504K, 27% used [0x00000000dae00000,0x00000000db3dd3c0,0x00000000dc300000)
}
Event: 41.605 GC heap before
{Heap before GC invocations=83 (full 10):
 PSYoungGen      total 115200K, used 114322K [0x00000000f5500000, 0x0000000100000000, 0x0000000100000000)
  eden space 58368K, 98% used [0x00000000f5500000,0x00000000f8d2a318,0x00000000f8e00000)
  from space 56832K, 99% used [0x00000000fc880000,0x00000000ffffa560,0x0000000100000000)
  to   space 58368K, 0% used [0x00000000f8e00000,0x00000000f8e00000,0x00000000fc700000)
 ParOldGen       total 319488K, used 280434K [0x00000000e0000000, 0x00000000f3800000, 0x00000000f5500000)
  object space 319488K, 87% used [0x00000000e0000000,0x00000000f11dcbf0,0x00000000f3800000)
 PSPermGen       total 21504K, used 6005K [0x00000000dae00000, 0x00000000dc300000, 0x00000000e0000000)
  object space 21504K, 27% used [0x00000000dae00000,0x00000000db3dd6a8,0x00000000dc300000)
Event: 41.661 GC heap after
Heap after GC invocations=83 (full 10):
 PSYoungGen      total 116736K, used 58355K [0x00000000f5500000, 0x0000000100000000, 0x0000000100000000)
  eden space 58368K, 0% used [0x00000000f5500000,0x00000000f5500000,0x00000000f8e00000)
  from space 58368K, 99% used [0x00000000f8e00000,0x00000000fc6fcda0,0x00000000fc700000)
  to   space 58368K, 0% used [0x00000000fc700000,0x00000000fc700000,0x0000000100000000)
 ParOldGen       total 319488K, used 302026K [0x00000000e0000000, 0x00000000f3800000, 0x00000000f5500000)
  object space 319488K, 94% used [0x00000000e0000000,0x00000000f26f2920,0x00000000f3800000)
 PSPermGen       total 21504K, used 6005K [0x00000000dae00000, 0x00000000dc300000, 0x00000000e0000000)
  object space 21504K, 27% used [0x00000000dae00000,0x00000000db3dd6a8,0x00000000dc300000)
}
Event: 41.661 GC heap before
{Heap before GC invocations=84 (full 11):
 PSYoungGen      total 116736K, used 58355K [0x00000000f5500000, 0x0000000100000000, 0x0000000100000000)
  eden space 58368K, 0% used [0x00000000f5500000,0x00000000f5500000,0x00000000f8e00000)
  from space 58368K, 99% used [0x00000000f8e00000,0x00000000fc6fcda0,0x00000000fc700000)
  to   space 58368K, 0% used [0x00000000fc700000,0x00000000fc700000,0x0000000100000000)
 ParOldGen       total 319488K, used 302026K [0x00000000e0000000, 0x00000000f3800000, 0x00000000f5500000)
  object space 319488K, 94% used [0x00000000e0000000,0x00000000f26f2920,0x00000000f3800000)
 PSPermGen       total 21504K, used 6005K [0x00000000dae00000, 0x00000000dc300000, 0x00000000e0000000)
  object space 21504K, 27% used [0x00000000dae00000,0x00000000db3dd6a8,0x00000000dc300000)
Event: 43.755 GC heap after
Heap after GC invocations=84 (full 11):
 PSYoungGen      total 116736K, used 22753K [0x00000000f5500000, 0x0000000100000000, 0x0000000100000000)
  eden space 58368K, 0% used [0x00000000f5500000,0x00000000f5500000,0x00000000f8e00000)
  from space 58368K, 38% used [0x00000000f8e00000,0x00000000fa4384b0,0x00000000fc700000)
  to   space 58368K, 0% used [0x00000000fc700000,0x00000000fc700000,0x0000000100000000)
 ParOldGen       total 349184K, used 319391K [0x00000000e0000000, 0x00000000f5500000, 0x00000000f5500000)
  object space 349184K, 91% used [0x00000000e0000000,0x00000000f37e7f18,0x00000000f5500000)
 PSPermGen       total 21504K, used 6005K [0x00000000dae00000, 0x00000000dc300000, 0x00000000e0000000)
  object space 21504K, 27% used [0x00000000dae00000,0x00000000db3dd428,0x00000000dc300000)
}
Event: 44.264 GC heap before
{Heap before GC invocations=85 (full 11):
 PSYoungGen      total 116736K, used 81121K [0x00000000f5500000, 0x0000000100000000, 0x0000000100000000)
  eden space 58368K, 100% used [0x00000000f5500000,0x00000000f8e00000,0x00000000f8e00000)
  from space 58368K, 38% used [0x00000000f8e00000,0x00000000fa4384b0,0x00000000fc700000)
  to   space 58368K, 0% used [0x00000000fc700000,0x00000000fc700000,0x0000000100000000)
 ParOldGen       total 349184K, used 319391K [0x00000000e0000000, 0x00000000f5500000, 0x00000000f5500000)
  object space 349184K, 91% used [0x00000000e0000000,0x00000000f37e7f18,0x00000000f5500000)
 PSPermGen       total 21504K, used 6130K [0x00000000dae00000, 0x00000000dc300000, 0x00000000e0000000)
  object space 21504K, 28% used [0x00000000dae00000,0x00000000db3fc8a0,0x00000000dc300000)
Event: 44.347 GC heap after
Heap after GC invocations=85 (full 11):
 PSYoungGen      total 116736K, used 48431K [0x00000000f5500000, 0x0000000100000000, 0x0000000100000000)
  eden space 58368K, 0% used [0x00000000f5500000,0x00000000f5500000,0x00000000f8e00000)
  from space 58368K, 82% used [0x00000000fc700000,0x00000000ff64bdf8,0x0000000100000000)
  to   space 58368K, 0% used [0x00000000f8e00000,0x00000000f8e00000,0x00000000fc700000)
 ParOldGen       total 349184K, used 319391K [0x00000000e0000000, 0x00000000f5500000, 0x00000000f5500000)
  object space 349184K, 91% used [0x00000000e0000000,0x00000000f37e7f18,0x00000000f5500000)
 PSPermGen       total 21504K, used 6130K [0x00000000dae00000, 0x00000000dc300000, 0x00000000e0000000)
  object space 21504K, 28% used [0x00000000dae00000,0x00000000db3fc8a0,0x00000000dc300000)
}
Event: 45.602 GC heap before
{Heap before GC invocations=86 (full 11):
 PSYoungGen      total 116736K, used 106674K [0x00000000f5500000, 0x0000000100000000, 0x0000000100000000)
  eden space 58368K, 99% used [0x00000000f5500000,0x00000000f8de0a38,0x00000000f8e00000)
  from space 58368K, 82% used [0x00000000fc700000,0x00000000ff64bdf8,0x0000000100000000)
  to   space 58368K, 0% used [0x00000000f8e00000,0x00000000f8e00000,0x00000000fc700000)
 ParOldGen       total 349184K, used 319391K [0x00000000e0000000, 0x00000000f5500000, 0x00000000f5500000)
  object space 349184K, 91% used [0x00000000e0000000,0x00000000f37e7f18,0x00000000f5500000)
 PSPermGen       total 21504K, used 6169K [0x00000000dae00000, 0x00000000dc300000, 0x00000000e0000000)
  object space 21504K, 28% used [0x00000000dae00000,0x00000000db4066e0,0x00000000dc300000)
Event: 45.644 GC heap after
Heap after GC invocations=86 (full 11):
 PSYoungGen      total 116736K, used 34248K [0x00000000f5500000, 0x0000000100000000, 0x0000000100000000)
  eden space 58368K, 0% used [0x00000000f5500000,0x00000000f5500000,0x00000000f8e00000)
  from space 58368K, 58% used [0x00000000f8e00000,0x00000000faf72038,0x00000000fc700000)
  to   space 58368K, 0% used [0x00000000fc700000,0x00000000fc700000,0x0000000100000000)
 ParOldGen       total 349184K, used 334454K [0x00000000e0000000, 0x00000000f5500000, 0x00000000f5500000)
  object space 349184K, 95% used [0x00000000e0000000,0x00000000f469d9c0,0x00000000f5500000)
 PSPermGen       total 21504K, used 6169K [0x00000000dae00000, 0x00000000dc300000, 0x00000000e0000000)
  object space 21504K, 28% used [0x00000000dae00000,0x00000000db4066e0,0x00000000dc300000)
}
Event: 45.645 GC heap before
{Heap before GC invocations=87 (full 12):
 PSYoungGen      total 116736K, used 34248K [0x00000000f5500000, 0x0000000100000000, 0x0000000100000000)
  eden space 58368K, 0% used [0x00000000f5500000,0x00000000f5500000,0x00000000f8e00000)
  from space 58368K, 58% used [0x00000000f8e00000,0x00000000faf72038,0x00000000fc700000)
  to   space 58368K, 0% used [0x00000000fc700000,0x00000000fc700000,0x0000000100000000)
 ParOldGen       total 349184K, used 334454K [0x00000000e0000000, 0x00000000f5500000, 0x00000000f5500000)
  object space 349184K, 95% used [0x00000000e0000000,0x00000000f469d9c0,0x00000000f5500000)
 PSPermGen       total 21504K, used 6169K [0x00000000dae00000, 0x00000000dc300000, 0x00000000e0000000)
  object space 21504K, 28% used [0x00000000dae00000,0x00000000db4066e0,0x00000000dc300000)

